<?xml version="1.0" encoding="UTF-8"?>
<!-- Generated by org.testng.reporters.JUnitReportReporter -->
<testsuite hostname="DESKTOP-ROQFRB8" failures="0" tests="1" name="Academy.validateNavigationBar" time="0.054" errors="0" timestamp="2022-05-21T23:09:34 ICT" skipped="0">
  <testcase classname="Academy.validateNavigationBar" name="basePageNavigation" time="0.054"/>
  <system-out/>
</testsuite> <!-- Academy.validateNavigationBar -->
