<?xml version="1.0" encoding="UTF-8"?>
<!-- Generated by org.testng.reporters.JUnitReportReporter -->
<testsuite hostname="DESKTOP-ROQFRB8" failures="0" tests="1" name="resources.ExtentReporterNG" time="4.780" errors="0" timestamp="2022-05-23T10:32:48 ICT" skipped="0">
  <testcase classname="resources.ExtentReporterNG" name="initialDemo" time="4.780"/>
  <system-out/>
</testsuite> <!-- resources.ExtentReporterNG -->
