<?xml version="1.0" encoding="UTF-8"?>
<!-- Generated by org.testng.reporters.JUnitReportReporter -->
<testsuite hostname="DESKTOP-ROQFRB8" failures="0" tests="1" name="pageObjects.validateTitle" time="41.029" errors="0" timestamp="2022-05-18T23:47:19 ICT" skipped="0">
  <testcase classname="pageObjects.validateTitle" name="basePageNavigation" time="41.029"/>
  <system-out/>
</testsuite> <!-- pageObjects.validateTitle -->
