<?xml version="1.0" encoding="UTF-8"?>
<!-- Generated by org.testng.reporters.JUnitReportReporter -->
<testsuite hostname="DESKTOP-ROQFRB8" failures="0" tests="1" name="Academy.validateTitleTest" time="0.056" errors="0" timestamp="2022-05-23T21:02:32 ICT" skipped="0">
  <testcase classname="Academy.validateTitleTest" name="basePageNavigation" time="0.056"/>
  <system-out/>
</testsuite> <!-- Academy.validateTitleTest -->
