<?xml version="1.0" encoding="UTF-8"?>
<!-- Generated by org.testng.reporters.JUnitReportReporter -->
<testsuite hostname="DESKTOP-ROQFRB8" failures="0" tests="1" name="Academy.validateNavigationBarTest" time="0.055" errors="0" timestamp="2022-05-23T21:02:32 ICT" skipped="0">
  <testcase classname="Academy.validateNavigationBarTest" name="validateAppNavBar" time="0.055"/>
  <system-out/>
</testsuite> <!-- Academy.validateNavigationBarTest -->
